Building DAG of jobs...
Retrieving input from storage.
Using shell: /bin/bash
Provided cores: 1 (use --cores to define parallelism)
Rules claiming more threads will be scaled down.
Job stats:
job              count
-------------  -------
clean                1
visualization        1
total                2

Select jobs to execute...
Execute 1 jobs...

[Mon Jan  8 11:16:32 2024]
localrule clean:
    input: raw/BMI.csv, raw/DEMO_D.csv, raw/FFQRAW_D.csv
    output: clean/clean.csv
    jobid: 1
    reason: Missing output files: clean/clean.csv
    resources: tmpdir=/var/folders/4t/fqmblqhj66nf7cfd428sh8nw0000gn/T

Waiting at most 5 seconds for missing files.
MissingOutputException in rule clean in file /Users/wzsy/AHD_assessment2/Snakefile, line 7:
Job 1  completed successfully, but some output files are missing. Missing files after 5 seconds. This might be due to filesystem latency. If that is the case, consider to increase the wait time with --latency-wait:
clean/clean.csv
Shutting down, this might take some time.
Exiting because a job execution failed. Look above for error message
Complete log: .snakemake/log/2024-01-08T111632.027034.snakemake.log
WorkflowError:
At least one job did not complete successfully.
