Building DAG of jobs...
Retrieving input from storage.
Using shell: /bin/bash
Provided cores: 1 (use --cores to define parallelism)
Rules claiming more threads will be scaled down.
Job stats:
job              count
-------------  -------
visualization        1
total                1

Select jobs to execute...
Execute 1 jobs...

[Mon Jan  8 11:24:42 2024]
localrule visualization:
    input: clean/clean_dt.csv
    jobid: 0
    reason: Rules with a run or shell declaration but no output are always executed.
    resources: tmpdir=/var/folders/4t/fqmblqhj66nf7cfd428sh8nw0000gn/T

[Mon Jan  8 11:25:03 2024]
Error in rule visualization:
    jobid: 0
    input: clean/clean_dt.csv
    shell:
        
        rscript visualisation/bmi_app.R
        
        (one of the commands exited with non-zero exit code; note that snakemake uses bash strict mode!)

Shutting down, this might take some time.
Exiting because a job execution failed. Look above for error message
Complete log: .snakemake/log/2024-01-08T112442.884276.snakemake.log
WorkflowError:
At least one job did not complete successfully.
